<?xml version="1.0" encoding="UTF-8"?>
<testsuite name="JUnit Vintage" tests="0" skipped="0" failures="0" errors="0" time="0.016" hostname="DESKTOP-AIR0GNA" timestamp="2018-11-05T18:10:56">
<properties>
<property name="awt.toolkit" value="sun.awt.windows.WToolkit"/>
<property name="file.encoding" value="windows-1252"/>
<property name="file.encoding.pkg" value="sun.io"/>
<property name="file.separator" value="\"/>
<property name="java.awt.graphicsenv" value="sun.awt.Win32GraphicsEnvironment"/>
<property name="java.awt.printerjob" value="sun.awt.windows.WPrinterJob"/>
<property name="java.class.path" value="C:\Users\sal\Desktop\ASU\SER 316\Week 4\Sorting_given_ReviewNew 2\build\classes\java\test;C:\Users\sal\Desktop\ASU\SER 316\Week 4\Sorting_given_ReviewNew 2\build\resources\test;C:\Users\sal\Desktop\ASU\SER 316\Week 4\Sorting_given_ReviewNew 2\build\classes\java\main;C:\Users\sal\Desktop\ASU\SER 316\Week 4\Sorting_given_ReviewNew 2\build\resources\main;C:\Users\sal\.gradle\caches\modules-2\files-2.1\org.junit.platform\junit-platform-runner\1.0.0-M4\8e7235e28eda64f8216c0c055bd881f07e46e1b9\junit-platform-runner-1.0.0-M4.jar;C:\Users\sal\.gradle\caches\modules-2\files-2.1\org.junit.vintage\junit-vintage-engine\4.12.0-M4\b74455e014bb82c6a83dcab849ec169f68978109\junit-vintage-engine-4.12.0-M4.jar;C:\Users\sal\.gradle\caches\modules-2\files-2.1\junit\junit\4.12\2973d150c0dc1fefe998f834810d68f278ea58ec\junit-4.12.jar;C:\Users\sal\.gradle\caches\modules-2\files-2.1\org.junit.jupiter\junit-jupiter-engine\5.0.0-M4\10e0dc41a4e9c1817c2b729c3a7c48b1ddfed17\junit-jupiter-engine-5.0.0-M4.jar;C:\Users\sal\.gradle\caches\modules-2\files-2.1\org.junit.jupiter\junit-jupiter-api\5.0.0-M4\50f95d68c674a30374c5f50e6ad5212d2c1a3cec\junit-jupiter-api-5.0.0-M4.jar;C:\Users\sal\.gradle\caches\modules-2\files-2.1\org.hamcrest\hamcrest-core\1.3\42a25dc3219429f0e5d060061f71acb49bf010a0\hamcrest-core-1.3.jar;C:\Users\sal\.gradle\caches\modules-2\files-2.1\org.junit.platform\junit-platform-launcher\1.0.0-M4\d4e3657bc7cf204d6b9b55f0387fedc6eaad55fa\junit-platform-launcher-1.0.0-M4.jar;C:\Users\sal\.gradle\caches\modules-2\files-2.1\org.junit.platform\junit-platform-engine\1.0.0-M4\5e65bdd2d623dfc6a405911a6449f2c60808b0af\junit-platform-engine-1.0.0-M4.jar;C:\Users\sal\.gradle\caches\modules-2\files-2.1\org.opentest4j\opentest4j\1.0.0-M2\e2caa64702a83336d3dd32c7f69c1f092156df6d\opentest4j-1.0.0-M2.jar;C:\Users\sal\.gradle\caches\modules-2\files-2.1\org.junit.platform\junit-platform-suite-api\1.0.0-M4\b68868db955435ca2e2900f5590879463ceb2a72\junit-platform-suite-api-1.0.0-M4.jar;C:\Users\sal\.gradle\caches\modules-2\files-2.1\org.junit.platform\junit-platform-commons\1.0.0-M4\359eb461814bd7356de541d131d45473d394a168\junit-platform-commons-1.0.0-M4.jar;C:\Users\sal\.gradle\caches\modules-2\files-2.1\org.junit.platform\junit-platform-console\1.0.0-M4\82da9da502b1fe187bed5f5152746696aad19fae\junit-platform-console-1.0.0-M4.jar;build/tmp/expandedArchives/org.jacoco.agent-0.8.1.jar_8059ed6e1ab8b88aac5d9097fad847bb/jacocoagent.jar"/>
<property name="java.class.version" value="52.0"/>
<property name="java.endorsed.dirs" value="C:\Program Files\Java\jdk1.8.0_191\jre\lib\endorsed"/>
<property name="java.ext.dirs" value="C:\Program Files\Java\jdk1.8.0_191\jre\lib\ext;C:\WINDOWS\Sun\Java\lib\ext"/>
<property name="java.home" value="C:\Program Files\Java\jdk1.8.0_191\jre"/>
<property name="java.io.tmpdir" value="C:\Users\sal\AppData\Local\Temp\"/>
<property name="java.library.path" value="C:\Program Files\Java\jdk1.8.0_191\bin;C:\WINDOWS\Sun\Java\bin;C:\WINDOWS\system32;C:\WINDOWS;C:\Users\sal\bin;C:\Program Files\Git\mingw64\bin;C:\Program Files\Git\usr\local\bin;C:\Program Files\Git\usr\bin;C:\Program Files\Git\usr\bin;C:\Program Files\Git\mingw64\bin;C:\Program Files\Git\usr\bin;C:\Users\sal\bin;C:\Program Files (x86)\Common Files\Oracle\Java\javapath;C:\WINDOWS\system32;C:\WINDOWS;C:\WINDOWS\System32\Wbem;C:\WINDOWS\System32\WindowsPowerShell\v1.0;C:\WINDOWS\System32\OpenSSH;C:\Program Files (x86)\NVIDIA Corporation\PhysX\Common;C:\Program Files\dotnet;C:\Program Files\Git\cmd;C:\Gradle\gradle-4.10.2\bin;C:\Users\sal\AppData\Local\Microsoft\WindowsApps;C:\Program Files\Git\usr\bin\vendor_perl;C:\Program Files\Git\usr\bin\core_perl;."/>
<property name="java.runtime.name" value="Java(TM) SE Runtime Environment"/>
<property name="java.runtime.version" value="1.8.0_191-b12"/>
<property name="java.specification.name" value="Java Platform API Specification"/>
<property name="java.specification.vendor" value="Oracle Corporation"/>
<property name="java.specification.version" value="1.8"/>
<property name="java.vendor" value="Oracle Corporation"/>
<property name="java.vendor.url" value="http://java.oracle.com/"/>
<property name="java.vendor.url.bug" value="http://bugreport.sun.com/bugreport/"/>
<property name="java.version" value="1.8.0_191"/>
<property name="java.vm.info" value="mixed mode"/>
<property name="java.vm.name" value="Java HotSpot(TM) 64-Bit Server VM"/>
<property name="java.vm.specification.name" value="Java Virtual Machine Specification"/>
<property name="java.vm.specification.vendor" value="Oracle Corporation"/>
<property name="java.vm.specification.version" value="1.8"/>
<property name="java.vm.vendor" value="Oracle Corporation"/>
<property name="java.vm.version" value="25.191-b12"/>
<property name="line.separator" value="
"/>
<property name="os.arch" value="amd64"/>
<property name="os.name" value="Windows 10"/>
<property name="os.version" value="10.0"/>
<property name="path.separator" value=";"/>
<property name="sun.arch.data.model" value="64"/>
<property name="sun.boot.class.path" value="C:\Program Files\Java\jdk1.8.0_191\jre\lib\resources.jar;C:\Program Files\Java\jdk1.8.0_191\jre\lib\rt.jar;C:\Program Files\Java\jdk1.8.0_191\jre\lib\sunrsasign.jar;C:\Program Files\Java\jdk1.8.0_191\jre\lib\jsse.jar;C:\Program Files\Java\jdk1.8.0_191\jre\lib\jce.jar;C:\Program Files\Java\jdk1.8.0_191\jre\lib\charsets.jar;C:\Program Files\Java\jdk1.8.0_191\jre\lib\jfr.jar;C:\Program Files\Java\jdk1.8.0_191\jre\classes"/>
<property name="sun.boot.library.path" value="C:\Program Files\Java\jdk1.8.0_191\jre\bin"/>
<property name="sun.cpu.endian" value="little"/>
<property name="sun.cpu.isalist" value="amd64"/>
<property name="sun.desktop" value="windows"/>
<property name="sun.io.unicode.encoding" value="UnicodeLittle"/>
<property name="sun.java.command" value="org.junit.platform.console.ConsoleLauncher --details TREE --scan-class-path C:\Users\sal\Desktop\ASU\SER 316\Week 4\Sorting_given_ReviewNew 2\build\classes\java\main;C:\Users\sal\Desktop\ASU\SER 316\Week 4\Sorting_given_ReviewNew 2\build\resources\main;C:\Users\sal\Desktop\ASU\SER 316\Week 4\Sorting_given_ReviewNew 2\build\classes\java\test;C:\Users\sal\Desktop\ASU\SER 316\Week 4\Sorting_given_ReviewNew 2\build\resources\test -n ^.*Tests?$ --reports-dir C:\Users\sal\Desktop\ASU\SER 316\Week 4\Sorting_given_ReviewNew 2\build\test-results\junit-platform"/>
<property name="sun.java.launcher" value="SUN_STANDARD"/>
<property name="sun.jnu.encoding" value="Cp1252"/>
<property name="sun.management.compiler" value="HotSpot 64-Bit Tiered Compilers"/>
<property name="sun.os.patch.level" value=""/>
<property name="user.country" value="US"/>
<property name="user.dir" value="C:\Users\sal\Desktop\ASU\SER 316\Week 4\Sorting_given_ReviewNew 2"/>
<property name="user.home" value="C:\Users\sal"/>
<property name="user.language" value="en"/>
<property name="user.name" value="sal"/>
<property name="user.script" value=""/>
<property name="user.timezone" value="America/Phoenix"/>
<property name="user.variant" value=""/>
</properties>
<system-out><![CDATA[
unique-id: [engine:junit-vintage]
display-name: JUnit Vintage
]]></system-out>
</testsuite>
